#
# There is insufficient memory for the Java Runtime Environment to continue.
# Native memory allocation (mmap) failed to map 1048576 bytes for G1 virtual space
# Possible reasons:
#   The system is out of physical RAM or swap space
#   The process is running with CompressedOops enabled, and the Java Heap may be blocking the growth of the native heap
# Possible solutions:
#   Reduce memory load on the system
#   Increase physical memory or swap space
#   Check if swap backing store is full
#   Decrease Java heap size (-Xmx/-Xms)
#   Decrease number of Java threads
#   Decrease Java thread stack sizes (-Xss)
#   Set larger code cache with -XX:ReservedCodeCacheSize=
#   JVM is running with Unscaled Compressed Oops mode in which the Java heap is
#     placed in the first 4GB address space. The Java Heap base address is the
#     maximum limit for the native heap growth. Please use -XX:HeapBaseMinAddress
#     to set the Java Heap base and to place the Java Heap above 4GB virtual address.
# This output file may be truncated or incomplete.
#
#  Out of Memory Error (os_windows.cpp:3469), pid=3244, tid=6828
#
# JRE version: OpenJDK Runtime Environment Temurin-17.0.1+12 (17.0.1+12) (build 17.0.1+12)
# Java VM: OpenJDK 64-Bit Server VM Temurin-17.0.1+12 (17.0.1+12, mixed mode, tiered, compressed oops, compressed class ptrs, g1 gc, windows-amd64)
# No core dump will be written. Minidumps are not enabled by default on client versions of Windows
#

---------------  S U M M A R Y ------------

Command Line: -Dfile.encoding=Cp1252 -XX:+ShowCodeDetailsInExceptionMessages com.iot.gateway.IoTGatewayConfigWizard

Host: AMD Ryzen 5 3500U with Radeon Vega Mobile Gfx  , 8 cores, 6G,  Windows 10 , 64 bit Build 19041 (10.0.19041.1348)
Time: Tue Jan 11 19:14:49 2022 India Standard Time elapsed time: 69835.299149 seconds (0d 19h 23m 55s)

---------------  T H R E A D  ---------------

Current thread (0x000001dc10c21390):  JavaThread "AWT-EventQueue-0" [_thread_in_vm, id=6828, stack(0x0000005893f00000,0x0000005894000000)]

Stack: [0x0000005893f00000,0x0000005894000000]
Native frames: (J=compiled Java code, j=interpreted, Vv=VM code, C=native code)
V  [jvm.dll+0x6744da]
V  [jvm.dll+0x82e144]
V  [jvm.dll+0x82f8ee]
V  [jvm.dll+0x82ff53]
V  [jvm.dll+0x245175]
V  [jvm.dll+0x6714c9]
V  [jvm.dll+0x665f92]
V  [jvm.dll+0x303c3b]
V  [jvm.dll+0x30b176]
V  [jvm.dll+0x35ac0b]
V  [jvm.dll+0x35b230]
V  [jvm.dll+0x35ade6]
V  [jvm.dll+0x2db0c4]
V  [jvm.dll+0x2d7106]
V  [jvm.dll+0x607c73]
V  [jvm.dll+0x20fe95]
V  [jvm.dll+0x7f81f6]
V  [jvm.dll+0x380d5a]
C  0x000001dc0001b7ed

Java frames: (J=compiled Java code, j=interpreted, Vv=VM code)
j  java.awt.image.DataBufferInt.<init>(I)V+11 java.desktop@17.0.1
j  java.awt.image.Raster.createPackedRaster(III[ILjava/awt/Point;)Ljava/awt/image/WritableRaster;+69 java.desktop@17.0.1
j  java.awt.image.DirectColorModel.createCompatibleWritableRaster(II)Ljava/awt/image/WritableRaster;+83 java.desktop@17.0.1
j  java.awt.GraphicsConfiguration.createCompatibleImage(II)Ljava/awt/image/BufferedImage;+8 java.desktop@17.0.1
j  java.awt.GraphicsConfiguration.createCompatibleImage(III)Ljava/awt/image/BufferedImage;+14 java.desktop@17.0.1
j  sun.awt.image.SunVolatileImage.getBackupImage(DD)Ljava/awt/image/BufferedImage;+36 java.desktop@17.0.1
j  sun.awt.image.VolatileSurfaceManager.getBackupSurface()Lsun/java2d/SurfaceData;+38 java.desktop@17.0.1
j  sun.awt.image.VolatileSurfaceManager.displayChanged()V+33 java.desktop@17.0.1
j  sun.awt.SunDisplayChanger.notifyListeners()V+105 java.desktop@17.0.1
j  sun.awt.Win32GraphicsEnvironment.displayChanged()V+291 java.desktop@17.0.1
j  sun.awt.windows.WToolkit.lambda$displayChanged$4()V+15 java.desktop@17.0.1
j  sun.awt.windows.WToolkit$$Lambda$178+0x0000000100276cd8.run()V+0 java.desktop@17.0.1
J 1742 c1 java.awt.event.InvocationEvent.dispatch()V java.desktop@17.0.1 (69 bytes) @ 0x000001dc008c780c [0x000001dc008c7600+0x000000000000020c]
J 1696 c1 java.awt.EventQueue.dispatchEventImpl(Ljava/awt/AWTEvent;Ljava/lang/Object;)V java.desktop@17.0.1 (136 bytes) @ 0x000001dc0089ac04 [0x000001dc00899260+0x00000000000019a4]
J 1695 c1 java.awt.EventQueue$4.run()Ljava/lang/Void; java.desktop@17.0.1 (60 bytes) @ 0x000001dc00898b8c [0x000001dc00898a60+0x000000000000012c]
J 1629 c1 java.awt.EventQueue.dispatchEvent(Ljava/awt/AWTEvent;)V java.desktop@17.0.1 (80 bytes) @ 0x000001dc008746f4 [0x000001dc00874160+0x0000000000000594]
J 1632 c1 java.awt.EventDispatchThread.pumpOneEventForFilters(I)V java.desktop@17.0.1 (113 bytes) @ 0x000001dc0087820c [0x000001dc00877ba0+0x000000000000066c]
j  java.awt.EventDispatchThread.pumpEventsForFilter(ILjava/awt/Conditional;Ljava/awt/EventFilter;)V+35 java.desktop@17.0.1
j  java.awt.EventDispatchThread.pumpEventsForHierarchy(ILjava/awt/Conditional;Ljava/awt/Component;)V+11 java.desktop@17.0.1
j  java.awt.EventDispatchThread.pumpEvents(ILjava/awt/Conditional;)V+4 java.desktop@17.0.1
j  java.awt.EventDispatchThread.pumpEvents(Ljava/awt/Conditional;)V+3 java.desktop@17.0.1
j  java.awt.EventDispatchThread.run()V+9 java.desktop@17.0.1
v  ~StubRoutines::call_stub

---------------  P R O C E S S  ---------------

Threads class SMR info:
_java_thread_list=0x000001dc17245cc0, length=19, elements={
0x000001dc0f7ecf80, 0x000001dc0f7f01b0, 0x000001dc0f8323a0, 0x000001dc0f832d60,
0x000001dc0f835ed0, 0x000001dc0f837330, 0x000001dc1040f450, 0x000001dc10412110,
0x000001dc10412dc0, 0x000001dc1050f320, 0x000001dc1050fe90, 0x000001dc109ab890,
0x000001dc109cffc0, 0x000001dc10c23a10, 0x000001dc10c21390, 0x000001dc10c22200,
0x000001dc10c21860, 0x000001dc10c20520, 0x000001dc10c23ee0
}

Java Threads: ( => current thread )
  0x000001dc0f7ecf80 JavaThread "Reference Handler" daemon [_thread_blocked, id=26676, stack(0x0000005892300000,0x0000005892400000)]
  0x000001dc0f7f01b0 JavaThread "Finalizer" daemon [_thread_blocked, id=19004, stack(0x0000005892400000,0x0000005892500000)]
  0x000001dc0f8323a0 JavaThread "Signal Dispatcher" daemon [_thread_blocked, id=4148, stack(0x0000005892500000,0x0000005892600000)]
  0x000001dc0f832d60 JavaThread "Attach Listener" daemon [_thread_blocked, id=24304, stack(0x0000005892600000,0x0000005892700000)]
  0x000001dc0f835ed0 JavaThread "Service Thread" daemon [_thread_blocked, id=22296, stack(0x0000005892700000,0x0000005892800000)]
  0x000001dc0f837330 JavaThread "Monitor Deflation Thread" daemon [_thread_blocked, id=21604, stack(0x0000005892800000,0x0000005892900000)]
  0x000001dc1040f450 JavaThread "C2 CompilerThread0" daemon [_thread_blocked, id=8632, stack(0x0000005892900000,0x0000005892a00000)]
  0x000001dc10412110 JavaThread "C1 CompilerThread0" daemon [_thread_blocked, id=12524, stack(0x0000005892a00000,0x0000005892b00000)]
  0x000001dc10412dc0 JavaThread "Sweeper thread" daemon [_thread_blocked, id=13604, stack(0x0000005892b00000,0x0000005892c00000)]
  0x000001dc1050f320 JavaThread "Notification Thread" daemon [_thread_blocked, id=9340, stack(0x0000005892c00000,0x0000005892d00000)]
  0x000001dc1050fe90 JavaThread "Common-Cleaner" daemon [_thread_blocked, id=18128, stack(0x0000005892e00000,0x0000005892f00000)]
  0x000001dc109ab890 JavaThread "Java2D Disposer" daemon [_thread_blocked, id=12968, stack(0x0000005892f00000,0x0000005893000000)]
  0x000001dc109cffc0 JavaThread "AWT-Windows" daemon [_thread_in_native, id=6148, stack(0x0000005893100000,0x0000005893200000)]
  0x000001dc10c23a10 JavaThread "AWT-Shutdown" [_thread_blocked, id=25012, stack(0x0000005893000000,0x0000005893100000)]
=>0x000001dc10c21390 JavaThread "AWT-EventQueue-0" [_thread_in_vm, id=6828, stack(0x0000005893f00000,0x0000005894000000)]
  0x000001dc10c22200 JavaThread "DestroyJavaVM" [_thread_blocked, id=19732, stack(0x0000005891c00000,0x0000005891d00000)]
  0x000001dc10c21860 JavaThread "D3D Screen Updater" daemon [_thread_blocked, id=16592, stack(0x0000005894100000,0x0000005894200000)]
  0x000001dc10c20520 JavaThread "TimerQueue" daemon [_thread_blocked, id=23908, stack(0x0000005894200000,0x0000005894300000)]
  0x000001dc10c23ee0 JavaThread "Abandoned connection cleanup thread" daemon [_thread_blocked, id=20548, stack(0x0000005894300000,0x0000005894400000)]

Other Threads:
  0x000001dc0f806650 VMThread "VM Thread" [stack: 0x0000005892200000,0x0000005892300000] [id=17244]
  0x000001dc1050fc00 WatcherThread [stack: 0x0000005892d00000,0x0000005892e00000] [id=16396]
  0x000001dc7419c3a0 GCTaskThread "GC Thread#0" [stack: 0x0000005891d00000,0x0000005891e00000] [id=18544]
  0x000001dc16dff1e0 GCTaskThread "GC Thread#1" [stack: 0x0000005894400000,0x0000005894500000] [id=392]
  0x000001dc16dee6a0 GCTaskThread "GC Thread#2" [stack: 0x0000005894500000,0x0000005894600000] [id=16220]
  0x000001dc10841020 GCTaskThread "GC Thread#3" [stack: 0x0000005894600000,0x0000005894700000] [id=9336]
  0x000001dc171cd820 GCTaskThread "GC Thread#4" [stack: 0x0000005894700000,0x0000005894800000] [id=24228]
  0x000001dc10847440 GCTaskThread "GC Thread#5" [stack: 0x0000005894800000,0x0000005894900000] [id=26672]
  0x000001dc108476f0 GCTaskThread "GC Thread#6" [stack: 0x0000005894900000,0x0000005894a00000] [id=28296]
  0x000001dc108479a0 GCTaskThread "GC Thread#7" [stack: 0x0000005894a00000,0x0000005894b00000] [id=19304]
  0x000001dc741ab880 ConcurrentGCThread "G1 Main Marker" [stack: 0x0000005891e00000,0x0000005891f00000] [id=23072]
  0x000001dc741ad2a0 ConcurrentGCThread "G1 Conc#0" [stack: 0x0000005891f00000,0x0000005892000000] [id=15340]
  0x000001dc10f08680 ConcurrentGCThread "G1 Conc#1" [stack: 0x0000005894b00000,0x0000005894c00000] [id=28328]
  0x000001dc74224480 ConcurrentGCThread "G1 Refine#0" [stack: 0x0000005892000000,0x0000005892100000] [id=18860]
  0x000001dc74224ea0 ConcurrentGCThread "G1 Service" [stack: 0x0000005892100000,0x0000005892200000] [id=16464]

Threads with active compile tasks:

VM state: not at safepoint (normal execution)

VM Mutex/Monitor currently owned by a thread:  ([mutex/lock_event])
[0x000001dc74162150] Heap_lock - owner thread: 0x000001dc10c21390

Heap address: 0x0000000091000000, size: 1776 MB, Compressed Oops mode: 32-bit

CDS archive(s) not mapped
Compressed class space mapped at: 0x0000000100000000-0x0000000140000000, reserved size: 1073741824
Narrow klass base: 0x0000000000000000, Narrow klass shift: 3, Narrow klass range: 0x140000000

GC Precious Log:
 CPUs: 8 total, 8 available
 Memory: 7103M
 Large Page Support: Disabled
 NUMA Support: Disabled
 Compressed Oops: Enabled (32-bit)
 Heap Region Size: 1M
 Heap Min Capacity: 8M
 Heap Initial Capacity: 112M
 Heap Max Capacity: 1776M
 Pre-touch: Disabled
 Parallel Workers: 8
 Concurrent Workers: 2
 Concurrent Refinement Workers: 8
 Periodic GC: Disabled

Heap:
 garbage-first heap   total 17408K, used 5431K [0x0000000091000000, 0x0000000100000000)
  region size 1024K, 1 young (1024K), 1 survivors (1024K)
 Metaspace       used 23759K, committed 24000K, reserved 1073152K
  class space    used 2513K, committed 2624K, reserved 1048576K

Heap Regions: E=young(eden), S=young(survivor), O=old, HS=humongous(starts), HC=humongous(continues), CS=collection set, F=free, OA=open archive, CA=closed archive, TAMS=top-at-mark-start (previous, next)
|   0|0x0000000091000000, 0x0000000091000000, 0x0000000091100000|  0%| F|  |TAMS 0x0000000091000000, 0x0000000091000000| Untracked 
|   1|0x0000000091100000, 0x0000000091200000, 0x0000000091200000|100%| O|  |TAMS 0x0000000091100000, 0x0000000091200000| Untracked 
|   2|0x0000000091200000, 0x0000000091300000, 0x0000000091300000|100%| O|  |TAMS 0x0000000091200000, 0x0000000091300000| Untracked 
|   3|0x0000000091300000, 0x0000000091400000, 0x0000000091400000|100%| O|  |TAMS 0x0000000091300000, 0x0000000091400000| Untracked 
|   4|0x0000000091400000, 0x0000000091500000, 0x0000000091500000|100%| O|  |TAMS 0x0000000091400000, 0x0000000091500000| Untracked 
|   5|0x0000000091500000, 0x0000000091500000, 0x0000000091600000|  0%| F|  |TAMS 0x0000000091500000, 0x0000000091500000| Untracked 
|   6|0x0000000091600000, 0x0000000091600000, 0x0000000091700000|  0%| F|  |TAMS 0x0000000091600000, 0x0000000091600000| Untracked 
|   7|0x0000000091700000, 0x0000000091800000, 0x0000000091800000|100%| O|  |TAMS 0x0000000091700000, 0x0000000091800000| Untracked 
|   8|0x0000000091800000, 0x0000000091832600, 0x0000000091900000| 19%| O|  |TAMS 0x0000000091800000, 0x0000000091832600| Untracked 
|   9|0x0000000091900000, 0x0000000091900000, 0x0000000091a00000|  0%| F|  |TAMS 0x0000000091900000, 0x0000000091900000| Untracked 
|  10|0x0000000091a00000, 0x0000000091a00000, 0x0000000091b00000|  0%| F|  |TAMS 0x0000000091a00000, 0x0000000091a00000| Untracked 
|  11|0x0000000091b00000, 0x0000000091b00000, 0x0000000091c00000|  0%| F|  |TAMS 0x0000000091b00000, 0x0000000091b00000| Untracked 
|  12|0x0000000091c00000, 0x0000000091c1b720, 0x0000000091d00000| 10%| S|CS|TAMS 0x0000000091c00000, 0x0000000091c00000| Complete 
|  90|0x0000000096a00000, 0x0000000096a00000, 0x0000000096b00000|  0%| F|  |TAMS 0x0000000096a00000, 0x0000000096a00000| Untracked 
|  91|0x0000000096b00000, 0x0000000096b00000, 0x0000000096c00000|  0%| F|  |TAMS 0x0000000096b00000, 0x0000000096b00000| Untracked 
|  92|0x0000000096c00000, 0x0000000096c00000, 0x0000000096d00000|  0%| F|  |TAMS 0x0000000096c00000, 0x0000000096c00000| Untracked 
| 111|0x0000000097f00000, 0x0000000097f00000, 0x0000000098000000|  0%| F|  |TAMS 0x0000000097f00000, 0x0000000097f00000| Untracked 

Card table byte_map: [0x000001dc79df0000,0x000001dc7a170000] _byte_map_base: 0x000001dc79968000

Marking Bits (Prev, Next): (CMBitMap*) 0x000001dc7419c9f0, (CMBitMap*) 0x000001dc7419c9b0
 Prev Bits: [0x000001dc7c0b0000, 0x000001dc7dc70000)
 Next Bits: [0x000001dc7a4f0000, 0x000001dc7c0b0000)

Polling page: 0x000001dc74240000

Metaspace:

Usage:
  Non-class:     20.75 MB used.
      Class:      2.45 MB used.
       Both:     23.20 MB used.

Virtual space:
  Non-class space:       24.00 MB reserved,      20.88 MB ( 87%) committed,  3 nodes.
      Class space:        1.00 GB reserved,       2.56 MB ( <1%) committed,  1 nodes.
             Both:        1.02 GB reserved,      23.44 MB (  2%) committed. 

Chunk freelists:
   Non-Class:  2.92 MB
       Class:  1.48 MB
        Both:  4.40 MB

MaxMetaspaceSize: unlimited
CompressedClassSpaceSize: 1.00 GB
Initial GC threshold: 21.00 MB
Current GC threshold: 35.12 MB
CDS: off
MetaspaceReclaimPolicy: balanced
 - commit_granule_bytes: 65536.
 - commit_granule_words: 8192.
 - virtual_space_node_default_size: 1048576.
 - enlarge_chunks_in_place: 1.
 - new_chunks_are_fully_committed: 0.
 - uncommit_free_chunks: 1.
 - use_allocation_guard: 0.
 - handle_deallocations: 1.


Internal statistics:

num_allocs_failed_limit: 3.
num_arena_births: 144.
num_arena_deaths: 0.
num_vsnodes_births: 4.
num_vsnodes_deaths: 0.
num_space_committed: 375.
num_space_uncommitted: 0.
num_chunks_returned_to_freelist: 3.
num_chunks_taken_from_freelist: 341.
num_chunk_merges: 0.
num_chunk_splits: 204.
num_chunks_enlarged: 129.
num_purges: 0.
num_inconsistent_stats: 0.

CodeHeap 'non-profiled nmethods': size=120000Kb used=723Kb max_used=723Kb free=119277Kb
 bounds [0x000001dc07ad0000, 0x000001dc07d40000, 0x000001dc0f000000]
CodeHeap 'profiled nmethods': size=120000Kb used=3696Kb max_used=3696Kb free=116303Kb
 bounds [0x000001dc005a0000, 0x000001dc00940000, 0x000001dc07ad0000]
CodeHeap 'non-nmethods': size=5760Kb used=1322Kb max_used=1342Kb free=4437Kb
 bounds [0x000001dc00000000, 0x000001dc00270000, 0x000001dc005a0000]
 total_blobs=2637 nmethods=1976 adapters=573
 compilation: enabled
              stopped_count=0, restarted_count=0
 full_count=0

Compilation events (20 events):
Event: 52684.726 Thread 0x000001dc1040f450 1967       4       sun.net.util.IPAddressUtil::checkHostString (53 bytes)
Event: 52684.727 Thread 0x000001dc1040f450 nmethod 1967 0x000001dc07b7ae10 code [0x000001dc07b7af80, 0x000001dc07b7b018]
Event: 52689.731 Thread 0x000001dc1040f450 1968       4       java.net.URLStreamHandler::setURL (73 bytes)
Event: 52689.749 Thread 0x000001dc1040f450 nmethod 1968 0x000001dc07b7b190 code [0x000001dc07b7b340, 0x000001dc07b7be68]
Event: 52689.749 Thread 0x000001dc1040f450 1969   !   4       java.net.URL::set (114 bytes)
Event: 52689.756 Thread 0x000001dc1040f450 nmethod 1969 0x000001dc07b7c290 code [0x000001dc07b7c400, 0x000001dc07b7ccb8]
Event: 53501.026 Thread 0x000001dc1040f450 1970       4       java.net.URLStreamHandler::parseURL (1201 bytes)
Event: 53501.221 Thread 0x000001dc1040f450 nmethod 1970 0x000001dc07b7cd90 code [0x000001dc07b7d1c0, 0x000001dc07b817c8]
Event: 55224.109 Thread 0x000001dc1040f450 1971       4       java.lang.ClassLoader::getResource (41 bytes)
Event: 55224.129 Thread 0x000001dc1040f450 nmethod 1971 0x000001dc07b83f90 code [0x000001dc07b84160, 0x000001dc07b84390]
Event: 69835.126 Thread 0x000001dc10412110 1972       1       sun.java2d.loops.CompositeType::getSuperType (5 bytes)
Event: 69835.127 Thread 0x000001dc10412110 nmethod 1972 0x000001dc07b84610 code [0x000001dc07b847a0, 0x000001dc07b84878]
Event: 69835.127 Thread 0x000001dc10412110 1973       3       java.util.Arrays::binarySearch0 (95 bytes)
Event: 69835.129 Thread 0x000001dc10412110 nmethod 1973 0x000001dc0093a790 code [0x000001dc0093a960, 0x000001dc0093ad98]
Event: 69835.129 Thread 0x000001dc10412110 1974       3       sun.java2d.loops.GraphicsPrimitiveMgr::locate (104 bytes)
Event: 69835.288 Thread 0x000001dc10412110 nmethod 1974 0x000001dc0093af10 code [0x000001dc0093b140, 0x000001dc0093bb58]
Event: 69835.288 Thread 0x000001dc10412110 1975       3       java.util.Arrays::binarySearch (10 bytes)
Event: 69835.289 Thread 0x000001dc10412110 nmethod 1975 0x000001dc0093be10 code [0x000001dc0093bfa0, 0x000001dc0093c0c8]
Event: 69835.289 Thread 0x000001dc10412110 1976       1       sun.java2d.loops.SurfaceType::getSuperType (5 bytes)
Event: 69835.289 Thread 0x000001dc10412110 nmethod 1976 0x000001dc07b84910 code [0x000001dc07b84aa0, 0x000001dc07b84b78]

GC Heap History (8 events):
Event: 5.200 GC heap before
{Heap before GC invocations=0 (full 0):
 garbage-first heap   total 114688K, used 17408K [0x0000000091000000, 0x0000000100000000)
  region size 1024K, 19 young (19456K), 0 survivors (0K)
 Metaspace       used 21320K, committed 21504K, reserved 1073152K
  class space    used 2282K, committed 2368K, reserved 1048576K
}
Event: 5.205 GC heap after
{Heap after GC invocations=1 (full 0):
 garbage-first heap   total 114688K, used 3852K [0x0000000091000000, 0x0000000100000000)
  region size 1024K, 3 young (3072K), 3 survivors (3072K)
 Metaspace       used 21320K, committed 21504K, reserved 1073152K
  class space    used 2282K, committed 2368K, reserved 1048576K
}
Event: 61.207 GC heap before
{Heap before GC invocations=2 (full 0):
 garbage-first heap   total 17408K, used 11020K [0x0000000091000000, 0x0000000100000000)
  region size 1024K, 10 young (10240K), 3 survivors (3072K)
 Metaspace       used 23512K, committed 23744K, reserved 1073152K
  class space    used 2489K, committed 2624K, reserved 1048576K
}
Event: 61.216 GC heap after
{Heap after GC invocations=3 (full 0):
 garbage-first heap   total 17408K, used 5413K [0x0000000091000000, 0x0000000100000000)
  region size 1024K, 2 young (2048K), 2 survivors (2048K)
 Metaspace       used 23512K, committed 23744K, reserved 1073152K
  class space    used 2489K, committed 2624K, reserved 1048576K
}
Event: 1837.112 GC heap before
{Heap before GC invocations=3 (full 0):
 garbage-first heap   total 17408K, used 6437K [0x0000000091000000, 0x0000000100000000)
  region size 1024K, 3 young (3072K), 2 survivors (2048K)
 Metaspace       used 23535K, committed 23744K, reserved 1073152K
  class space    used 2491K, committed 2624K, reserved 1048576K
}
Event: 1837.146 GC heap after
{Heap after GC invocations=4 (full 0):
 garbage-first heap   total 17408K, used 5597K [0x0000000091000000, 0x0000000100000000)
  region size 1024K, 1 young (1024K), 1 survivors (1024K)
 Metaspace       used 23535K, committed 23744K, reserved 1073152K
  class space    used 2491K, committed 2624K, reserved 1048576K
}
Event: 69835.171 GC heap before
{Heap before GC invocations=4 (full 0):
 garbage-first heap   total 17408K, used 7645K [0x0000000091000000, 0x0000000100000000)
  region size 1024K, 4 young (4096K), 1 survivors (1024K)
 Metaspace       used 23757K, committed 24000K, reserved 1073152K
  class space    used 2513K, committed 2624K, reserved 1048576K
}
Event: 69835.287 GC heap after
{Heap after GC invocations=5 (full 0):
 garbage-first heap   total 17408K, used 5431K [0x0000000091000000, 0x0000000100000000)
  region size 1024K, 1 young (1024K), 1 survivors (1024K)
 Metaspace       used 23757K, committed 24000K, reserved 1073152K
  class space    used 2513K, committed 2624K, reserved 1048576K
}

Deoptimization events (20 events):
Event: 2581.476 Thread 0x000001dc10c23070 Uncommon trap: trap_request=0xffffffcc fr.pc=0x000001dc07b60eb4 relative=0x0000000000000414
Event: 2581.477 Thread 0x000001dc10c23070 Uncommon trap: reason=intrinsic_or_type_checked_inlining action=make_not_entrant pc=0x000001dc07b60eb4 method=java.util.ArrayList.toArray([Ljava/lang/Object;)[Ljava/lang/Object; @ 36 c2
Event: 2581.477 Thread 0x000001dc10c23070 DEOPT PACKING pc=0x000001dc07b60eb4 sp=0x0000005893cfa770
Event: 2581.477 Thread 0x000001dc10c23070 DEOPT UNPACKING pc=0x000001dc000523a3 sp=0x0000005893cfa750 mode 2
Event: 43895.302 Thread 0x000001dc10c21390 Uncommon trap: trap_request=0xffffffde fr.pc=0x000001dc07b16dd4 relative=0x00000000000007d4
Event: 43895.308 Thread 0x000001dc10c21390 Uncommon trap: reason=class_check action=maybe_recompile pc=0x000001dc07b16dd4 method=java.util.HashMap.putVal(ILjava/lang/Object;Ljava/lang/Object;ZZ)Ljava/lang/Object; @ 203 c2
Event: 43895.308 Thread 0x000001dc10c21390 DEOPT PACKING pc=0x000001dc07b16dd4 sp=0x0000005893ffef90
Event: 43895.310 Thread 0x000001dc10c21390 DEOPT UNPACKING pc=0x000001dc000523a3 sp=0x0000005893ffeeb8 mode 2
Event: 43895.314 Thread 0x000001dc10c21390 Uncommon trap: trap_request=0xffffffde fr.pc=0x000001dc07b16dd4 relative=0x00000000000007d4
Event: 43895.314 Thread 0x000001dc10c21390 Uncommon trap: reason=class_check action=maybe_recompile pc=0x000001dc07b16dd4 method=java.util.HashMap.putVal(ILjava/lang/Object;Ljava/lang/Object;ZZ)Ljava/lang/Object; @ 203 c2
Event: 43895.314 Thread 0x000001dc10c21390 DEOPT PACKING pc=0x000001dc07b16dd4 sp=0x0000005893ffef90
Event: 43895.314 Thread 0x000001dc10c21390 DEOPT UNPACKING pc=0x000001dc000523a3 sp=0x0000005893ffeeb8 mode 2
Event: 43895.315 Thread 0x000001dc10c21390 Uncommon trap: trap_request=0xffffffde fr.pc=0x000001dc07b16dd4 relative=0x00000000000007d4
Event: 43895.315 Thread 0x000001dc10c21390 Uncommon trap: reason=class_check action=maybe_recompile pc=0x000001dc07b16dd4 method=java.util.HashMap.putVal(ILjava/lang/Object;Ljava/lang/Object;ZZ)Ljava/lang/Object; @ 203 c2
Event: 43895.316 Thread 0x000001dc10c21390 DEOPT PACKING pc=0x000001dc07b16dd4 sp=0x0000005893ffef90
Event: 43895.318 Thread 0x000001dc10c21390 DEOPT UNPACKING pc=0x000001dc000523a3 sp=0x0000005893ffeeb8 mode 2
Event: 43895.318 Thread 0x000001dc10c21390 Uncommon trap: trap_request=0xffffffde fr.pc=0x000001dc07b11c04 relative=0x0000000000000784
Event: 43895.318 Thread 0x000001dc10c21390 Uncommon trap: reason=class_check action=maybe_recompile pc=0x000001dc07b11c04 method=java.util.HashMap.putVal(ILjava/lang/Object;Ljava/lang/Object;ZZ)Ljava/lang/Object; @ 203 c2
Event: 43895.318 Thread 0x000001dc10c21390 DEOPT PACKING pc=0x000001dc07b11c04 sp=0x0000005893ffef00
Event: 43895.319 Thread 0x000001dc10c21390 DEOPT UNPACKING pc=0x000001dc000523a3 sp=0x0000005893ffeeb0 mode 2

Classes unloaded (0 events):
No events

Classes redefined (0 events):
No events

Internal exceptions (18 events):
Event: 0.223 Thread 0x000001dc7406af90 Exception <a 'java/lang/ClassNotFoundException'{0x0000000097d1f368}: sun/awt/resources/spi/awtProvider> (0x0000000097d1f368) 
thrown [e:\jenkins\tmp\workspace\build\src\src\hotspot\share\classfile\systemDictionary.cpp, line 256]
Event: 0.267 Thread 0x000001dc7406af90 Exception <a 'java/io/FileNotFoundException'{0x0000000097d79b40}> (0x0000000097d79b40) 
thrown [e:\jenkins\tmp\workspace\build\src\src\hotspot\share\prims\jni.cpp, line 516]
Event: 0.274 Thread 0x000001dc7406af90 Exception <a 'java/io/FileNotFoundException'{0x0000000097da6e40}> (0x0000000097da6e40) 
thrown [e:\jenkins\tmp\workspace\build\src\src\hotspot\share\prims\jni.cpp, line 516]
Event: 0.321 Thread 0x000001dc7406af90 Exception <a 'java/lang/NoSuchMethodError'{0x0000000097de7120}: 'java.lang.Object java.lang.invoke.DirectMethodHandle$Holder.invokeStaticInit(java.lang.Object)'> (0x0000000097de7120) 
thrown [e:\jenkins\tmp\workspace\build\src\src\hotspot\share\interpreter\linkResolver.cpp, line 766]
Event: 0.426 Thread 0x000001dc7406af90 Exception <a 'java/lang/NoSuchMethodError'{0x0000000097ca85a8}: 'void java.lang.invoke.DirectMethodHandle$Holder.invokeSpecial(java.lang.Object, java.lang.Object, java.lang.Object)'> (0x0000000097ca85a8) 
thrown [e:\jenkins\tmp\workspace\build\src\src\hotspot\share\interpreter\linkResolver.cpp, line 766]
Event: 0.434 Thread 0x000001dc7406af90 Exception <a 'java/lang/NoSuchMethodError'{0x0000000097cd24d8}: 'java.lang.Object java.lang.invoke.DirectMethodHandle$Holder.newInvokeSpecial(java.lang.Object, java.lang.Object, java.lang.Object, java.lang.Object, java.lang.Object)'> (0x0000000097cd24d8) 
thrown [e:\jenkins\tmp\workspace\build\src\src\hotspot\share\interpreter\linkResolver.cpp, line 766]
Event: 0.436 Thread 0x000001dc7406af90 Exception <a 'java/lang/NoSuchMethodError'{0x0000000097cddf90}: 'java.lang.Object java.lang.invoke.DirectMethodHandle$Holder.invokeStatic(java.lang.Object, int, java.lang.Object, java.lang.Object, java.lang.Object, java.lang.Object)'> (0x0000000097cddf90) 
thrown [e:\jenkins\tmp\workspace\build\src\src\hotspot\share\interpreter\linkResolver.cpp, line 766]
Event: 0.441 Thread 0x000001dc7406af90 Exception <a 'java/lang/NoSuchMethodError'{0x0000000097b03eb8}: 'java.lang.Object java.lang.invoke.DirectMethodHandle$Holder.invokeStatic(java.lang.Object, int, java.lang.Object)'> (0x0000000097b03eb8) 
thrown [e:\jenkins\tmp\workspace\build\src\src\hotspot\share\interpreter\linkResolver.cpp, line 766]
Event: 0.465 Thread 0x000001dc7406af90 Exception <a 'java/lang/ClassNotFoundException'{0x0000000097bbb8a0}: com/sun/swing/internal/plaf/metal/resources/spi/metalProvider> (0x0000000097bbb8a0) 
thrown [e:\jenkins\tmp\workspace\build\src\src\hotspot\share\classfile\systemDictionary.cpp, line 256]
Event: 0.466 Thread 0x000001dc7406af90 Exception <a 'java/lang/ClassNotFoundException'{0x0000000097bbf480}: com/sun/swing/internal/plaf/basic/resources/spi/basicProvider> (0x0000000097bbf480) 
thrown [e:\jenkins\tmp\workspace\build\src\src\hotspot\share\classfile\systemDictionary.cpp, line 256]
Event: 0.596 Thread 0x000001dc7406af90 Exception <a 'java/lang/NoSuchMethodError'{0x000000009784dac0}: 'java.lang.Object java.lang.invoke.DirectMethodHandle$Holder.invokeInterface(java.lang.Object, java.lang.Object)'> (0x000000009784dac0) 
thrown [e:\jenkins\tmp\workspace\build\src\src\hotspot\share\interpreter\linkResolver.cpp, line 766]
Event: 0.681 Thread 0x000001dc10c22ba0 Exception <a 'java/lang/NoSuchMethodError'{0x00000000977fd280}: 'void java.lang.invoke.DirectMethodHandle$Holder.invokeStatic(java.lang.Object, java.lang.Object)'> (0x00000000977fd280) 
thrown [e:\jenkins\tmp\workspace\build\src\src\hotspot\share\interpreter\linkResolver.cpp, line 766]
Event: 1.567 Thread 0x000001dc109cffc0 Exception <a 'java/lang/NoSuchMethodError'{0x0000000097c0fbe8}: 'void java.lang.invoke.DirectMethodHandle$Holder.invokeVirtual(java.lang.Object, java.lang.Object)'> (0x0000000097c0fbe8) 
thrown [e:\jenkins\tmp\workspace\build\src\src\hotspot\share\interpreter\linkResolver.cpp, line 766]
Event: 1.588 Thread 0x000001dc7406af90 Exception <a 'java/lang/NoSuchMethodError'{0x0000000097473768}: 'void java.lang.invoke.DirectMethodHandle$Holder.invokeStaticInit(java.lang.Object)'> (0x0000000097473768) 
thrown [e:\jenkins\tmp\workspace\build\src\src\hotspot\share\interpreter\linkResolver.cpp, line 766]
Event: 5.085 Thread 0x000001dc10c21390 Exception <a 'java/lang/NoSuchMethodError'{0x00000000971ae1a0}: 'java.lang.Object java.lang.invoke.DirectMethodHandle$Holder.invokeVirtual(java.lang.Object, java.lang.Object, java.lang.Object)'> (0x00000000971ae1a0) 
thrown [e:\jenkins\tmp\workspace\build\src\src\hotspot\share\interpreter\linkResolver.cpp, line 766]
Event: 5.114 Thread 0x000001dc10c21390 Exception <a 'java/lang/NoSuchMethodError'{0x00000000970aca40}: 'void java.lang.invoke.DirectMethodHandle$Holder.invokeStatic(java.lang.Object, java.lang.Object, java.lang.Object)'> (0x00000000970aca40) 
thrown [e:\jenkins\tmp\workspace\build\src\src\hotspot\share\interpreter\linkResolver.cpp, line 766]
Event: 2581.990 Thread 0x000001dc10c20ec0 Exception <a 'java/lang/NullPointerException'{0x0000000097f28390}> (0x0000000097f28390) 
thrown [e:\jenkins\tmp\workspace\build\src\src\hotspot\share\interpreter\linkResolver.cpp, line 1357]
Event: 2582.002 Thread 0x000001dc10c23070 Exception <a 'java/io/IOException'{0x0000000097f22490}> (0x0000000097f22490) 
thrown [e:\jenkins\tmp\workspace\build\src\src\hotspot\share\prims\jni.cpp, line 516]

VM Operations (20 events):
Event: 62.221 Executing VM operation: Cleanup
Event: 62.221 Executing VM operation: Cleanup done
Event: 635.813 Executing VM operation: Cleanup
Event: 635.813 Executing VM operation: Cleanup done
Event: 1061.435 Executing VM operation: Cleanup
Event: 1061.435 Executing VM operation: Cleanup done
Event: 1251.219 Executing VM operation: Cleanup
Event: 1251.228 Executing VM operation: Cleanup done
Event: 1837.111 Executing VM operation: G1CollectForAllocation
Event: 1837.146 Executing VM operation: G1CollectForAllocation done
Event: 2581.461 Executing VM operation: Cleanup
Event: 2581.461 Executing VM operation: Cleanup done
Event: 2582.467 Executing VM operation: Cleanup
Event: 2582.467 Executing VM operation: Cleanup done
Event: 43895.767 Executing VM operation: Cleanup
Event: 43895.769 Executing VM operation: Cleanup done
Event: 48844.266 Executing VM operation: Cleanup
Event: 48844.493 Executing VM operation: Cleanup done
Event: 69835.145 Executing VM operation: G1TryInitiateConcMark
Event: 69835.287 Executing VM operation: G1TryInitiateConcMark done

Events (20 events):
Event: 69834.519 loading class java/awt/image/BufferedImage
Event: 69834.642 loading class java/awt/image/WritableRenderedImage
Event: 69834.642 loading class java/awt/image/RenderedImage
Event: 69834.642 loading class java/awt/image/RenderedImage done
Event: 69834.642 loading class java/awt/image/WritableRenderedImage done
Event: 69834.643 loading class java/awt/image/BufferedImage done
Event: 69834.644 loading class java/awt/image/BufferedImage$1
Event: 69834.645 loading class java/awt/image/BufferedImage$1 done
Event: 69834.646 loading class sun/awt/image/BufImgSurfaceData
Event: 69834.655 loading class sun/awt/image/BufImgSurfaceData done
Event: 69834.656 loading class sun/awt/image/BufImgSurfaceData$ICMColorData
Event: 69834.660 loading class sun/awt/image/BufImgSurfaceData$ICMColorData done
Event: 69834.682 loading class sun/java2d/loops/RenderLoops
Event: 69834.685 loading class sun/java2d/loops/RenderLoops done
Event: 69835.131 loading class sun/java2d/loops/DrawGlyphListColor
Event: 69835.138 loading class sun/java2d/loops/DrawGlyphListColor done
Event: 69835.140 loading class sun/java2d/loops/DrawGlyphListColor$General
Event: 69835.142 loading class sun/java2d/loops/DrawGlyphListColor$General done
Event: 69835.143 loading class sun/java2d/loops/Blit$GeneralMaskBlit
Event: 69835.143 loading class sun/java2d/loops/Blit$GeneralMaskBlit done


Dynamic libraries:
0x00007ff6d4020000 - 0x00007ff6d402e000 	D:\Phd_Labwork\eclipse-jee-2021-12-R-win32-x86_64\eclipse\plugins\org.eclipse.justj.openjdk.hotspot.jre.full.win32.x86_64_17.0.1.v20211116-1657\jre\bin\javaw.exe
0x00007ffefce10000 - 0x00007ffefd005000 	C:\WINDOWS\SYSTEM32\ntdll.dll
0x00007ffefae50000 - 0x00007ffefaf0e000 	C:\WINDOWS\System32\KERNEL32.DLL
0x00007ffefa610000 - 0x00007ffefa8d8000 	C:\WINDOWS\System32\KERNELBASE.dll
0x00007ffefad50000 - 0x00007ffefae50000 	C:\WINDOWS\System32\ucrtbase.dll
0x00007ffef3090000 - 0x00007ffef30a8000 	D:\Phd_Labwork\eclipse-jee-2021-12-R-win32-x86_64\eclipse\plugins\org.eclipse.justj.openjdk.hotspot.jre.full.win32.x86_64_17.0.1.v20211116-1657\jre\bin\jli.dll
0x00007ffef30b0000 - 0x00007ffef30c9000 	D:\Phd_Labwork\eclipse-jee-2021-12-R-win32-x86_64\eclipse\plugins\org.eclipse.justj.openjdk.hotspot.jre.full.win32.x86_64_17.0.1.v20211116-1657\jre\bin\VCRUNTIME140.dll
0x00007ffefbdb0000 - 0x00007ffefbf51000 	C:\WINDOWS\System32\USER32.dll
0x00007ffeeca80000 - 0x00007ffeecd1a000 	C:\WINDOWS\WinSxS\amd64_microsoft.windows.common-controls_6595b64144ccf1df_6.0.19041.1110_none_60b5254171f9507e\COMCTL32.dll
0x00007ffefa970000 - 0x00007ffefa992000 	C:\WINDOWS\System32\win32u.dll
0x00007ffefaf40000 - 0x00007ffefafde000 	C:\WINDOWS\System32\msvcrt.dll
0x00007ffefaf10000 - 0x00007ffefaf3b000 	C:\WINDOWS\System32\GDI32.dll
0x00007ffefaae0000 - 0x00007ffefabed000 	C:\WINDOWS\System32\gdi32full.dll
0x00007ffefa570000 - 0x00007ffefa60d000 	C:\WINDOWS\System32\msvcp_win.dll
0x00007ffefba40000 - 0x00007ffefba70000 	C:\WINDOWS\System32\IMM32.DLL
0x00007ffee5ad0000 - 0x00007ffee5adc000 	D:\Phd_Labwork\eclipse-jee-2021-12-R-win32-x86_64\eclipse\plugins\org.eclipse.justj.openjdk.hotspot.jre.full.win32.x86_64_17.0.1.v20211116-1657\jre\bin\vcruntime140_1.dll
0x00007ffec9df0000 - 0x00007ffec9e81000 	D:\Phd_Labwork\eclipse-jee-2021-12-R-win32-x86_64\eclipse\plugins\org.eclipse.justj.openjdk.hotspot.jre.full.win32.x86_64_17.0.1.v20211116-1657\jre\bin\msvcp140.dll
0x00007ffe8ed40000 - 0x00007ffe8f986000 	D:\Phd_Labwork\eclipse-jee-2021-12-R-win32-x86_64\eclipse\plugins\org.eclipse.justj.openjdk.hotspot.jre.full.win32.x86_64_17.0.1.v20211116-1657\jre\bin\server\jvm.dll
0x00007ffefc240000 - 0x00007ffefc2ec000 	C:\WINDOWS\System32\ADVAPI32.dll
0x00007ffefbf80000 - 0x00007ffefc01b000 	C:\WINDOWS\System32\sechost.dll
0x00007ffefcca0000 - 0x00007ffefcdca000 	C:\WINDOWS\System32\RPCRT4.dll
0x00007ffefb280000 - 0x00007ffefb288000 	C:\WINDOWS\System32\PSAPI.DLL
0x00007ffecc840000 - 0x00007ffecc849000 	C:\WINDOWS\SYSTEM32\WSOCK32.dll
0x00007ffef09c0000 - 0x00007ffef09e7000 	C:\WINDOWS\SYSTEM32\WINMM.dll
0x00007ffef2110000 - 0x00007ffef211a000 	C:\WINDOWS\SYSTEM32\VERSION.dll
0x00007ffefc020000 - 0x00007ffefc08b000 	C:\WINDOWS\System32\WS2_32.dll
0x00007ffef8df0000 - 0x00007ffef8e02000 	C:\WINDOWS\SYSTEM32\kernel.appcore.dll
0x00007ffef59e0000 - 0x00007ffef59ea000 	D:\Phd_Labwork\eclipse-jee-2021-12-R-win32-x86_64\eclipse\plugins\org.eclipse.justj.openjdk.hotspot.jre.full.win32.x86_64_17.0.1.v20211116-1657\jre\bin\jimage.dll
0x00007ffef8850000 - 0x00007ffef8a34000 	C:\WINDOWS\SYSTEM32\DBGHELP.DLL
0x00007ffee8620000 - 0x00007ffee864c000 	C:\WINDOWS\SYSTEM32\dbgcore.DLL
0x00007ffefa9a0000 - 0x00007ffefaa22000 	C:\WINDOWS\System32\bcryptPrimitives.dll
0x00007ffef5970000 - 0x00007ffef5995000 	D:\Phd_Labwork\eclipse-jee-2021-12-R-win32-x86_64\eclipse\plugins\org.eclipse.justj.openjdk.hotspot.jre.full.win32.x86_64_17.0.1.v20211116-1657\jre\bin\java.dll
0x00007ffee5ae0000 - 0x00007ffee5af8000 	D:\Phd_Labwork\eclipse-jee-2021-12-R-win32-x86_64\eclipse\plugins\org.eclipse.justj.openjdk.hotspot.jre.full.win32.x86_64_17.0.1.v20211116-1657\jre\bin\zip.dll
0x00007ffefb2f0000 - 0x00007ffefba34000 	C:\WINDOWS\System32\SHELL32.dll
0x00007ffef7fe0000 - 0x00007ffef8774000 	C:\WINDOWS\SYSTEM32\windows.storage.dll
0x00007ffefc3d0000 - 0x00007ffefc725000 	C:\WINDOWS\System32\combase.dll
0x00007ffef9ea0000 - 0x00007ffef9ece000 	C:\WINDOWS\SYSTEM32\Wldp.dll
0x00007ffefb1d0000 - 0x00007ffefb27d000 	C:\WINDOWS\System32\SHCORE.dll
0x00007ffefbd50000 - 0x00007ffefbda5000 	C:\WINDOWS\System32\shlwapi.dll
0x00007ffefa460000 - 0x00007ffefa47f000 	C:\WINDOWS\SYSTEM32\profapi.dll
0x00007ffed82c0000 - 0x00007ffed82d9000 	D:\Phd_Labwork\eclipse-jee-2021-12-R-win32-x86_64\eclipse\plugins\org.eclipse.justj.openjdk.hotspot.jre.full.win32.x86_64_17.0.1.v20211116-1657\jre\bin\net.dll
0x00007ffeed430000 - 0x00007ffeed53c000 	C:\WINDOWS\SYSTEM32\WINHTTP.dll
0x00007ffef9c00000 - 0x00007ffef9c6a000 	C:\WINDOWS\system32\mswsock.dll
0x00007ffecdd40000 - 0x00007ffecdd55000 	D:\Phd_Labwork\eclipse-jee-2021-12-R-win32-x86_64\eclipse\plugins\org.eclipse.justj.openjdk.hotspot.jre.full.win32.x86_64_17.0.1.v20211116-1657\jre\bin\nio.dll
0x00007ffec9c60000 - 0x00007ffec9dee000 	D:\Phd_Labwork\eclipse-jee-2021-12-R-win32-x86_64\eclipse\plugins\org.eclipse.justj.openjdk.hotspot.jre.full.win32.x86_64_17.0.1.v20211116-1657\jre\bin\awt.dll
0x00007ffefc170000 - 0x00007ffefc23d000 	C:\WINDOWS\System32\OLEAUT32.dll
0x00007ffef7740000 - 0x00007ffef77d0000 	C:\WINDOWS\SYSTEM32\apphelp.dll
0x00007ffef7b10000 - 0x00007ffef7b3f000 	C:\WINDOWS\system32\DWMAPI.DLL
0x00007ffef7920000 - 0x00007ffef79be000 	C:\WINDOWS\system32\uxtheme.dll
0x00007ffecf3a0000 - 0x00007ffecf4c5000 	C:\WINDOWS\system32\opengl32.dll
0x00007ffed4610000 - 0x00007ffed463c000 	C:\WINDOWS\SYSTEM32\GLU32.dll
0x00007ffefafe0000 - 0x00007ffefb0f5000 	C:\WINDOWS\System32\MSCTF.dll
0x00007ffefba70000 - 0x00007ffefbb9a000 	C:\WINDOWS\System32\ole32.dll
0x00007ffeb6030000 - 0x00007ffeb6200000 	C:\WINDOWS\system32\d3d9.dll
0x00007ffef0730000 - 0x00007ffef090d000 	C:\WINDOWS\System32\DriverStore\FileRepository\u0347924.inf_amd64_04af308e61660124\B347730\aticfx64.dll
0x00007ffeb6000000 - 0x00007ffeb6030000 	C:\WINDOWS\System32\DriverStore\FileRepository\u0347924.inf_amd64_04af308e61660124\B347730\atiu9p64.dll
0x00007ffeb5330000 - 0x00007ffeb5ffb000 	C:\WINDOWS\System32\DriverStore\FileRepository\u0347924.inf_amd64_04af308e61660124\B347730\atiumd64.dll
0x00000000578b0000 - 0x0000000058633000 	C:\WINDOWS\System32\DriverStore\FileRepository\u0347924.inf_amd64_04af308e61660124\B347730\atiumd6a.dll
0x00007ffefa390000 - 0x00007ffefa3db000 	C:\WINDOWS\SYSTEM32\POWRPROF.dll
0x00007ffefa370000 - 0x00007ffefa382000 	C:\WINDOWS\SYSTEM32\UMPDC.dll
0x00007ffef0a70000 - 0x00007ffef0aab000 	C:\WINDOWS\SYSTEM32\dxcore.dll
0x00007ffefa520000 - 0x00007ffefa56e000 	C:\WINDOWS\System32\cfgmgr32.dll
0x00007ffee5aa0000 - 0x00007ffee5ab0000 	D:\Phd_Labwork\eclipse-jee-2021-12-R-win32-x86_64\eclipse\plugins\org.eclipse.justj.openjdk.hotspot.jre.full.win32.x86_64_17.0.1.v20211116-1657\jre\bin\verify.dll
0x00007ffef9930000 - 0x00007ffef99fb000 	C:\WINDOWS\SYSTEM32\DNSAPI.dll
0x00007ffef98f0000 - 0x00007ffef992b000 	C:\WINDOWS\SYSTEM32\IPHLPAPI.DLL
0x00007ffefb100000 - 0x00007ffefb108000 	C:\WINDOWS\System32\NSI.dll
0x00007ffeece50000 - 0x00007ffeece5a000 	C:\Windows\System32\rasadhlp.dll
0x00007ffeed3b0000 - 0x00007ffeed42f000 	C:\WINDOWS\System32\fwpuclnt.dll
0x00007ffefa8e0000 - 0x00007ffefa907000 	C:\WINDOWS\System32\bcrypt.dll
0x00007ffec9bd0000 - 0x00007ffec9c59000 	D:\Phd_Labwork\eclipse-jee-2021-12-R-win32-x86_64\eclipse\plugins\org.eclipse.justj.openjdk.hotspot.jre.full.win32.x86_64_17.0.1.v20211116-1657\jre\bin\freetype.dll
0x00007ffec9b20000 - 0x00007ffec9bc8000 	D:\Phd_Labwork\eclipse-jee-2021-12-R-win32-x86_64\eclipse\plugins\org.eclipse.justj.openjdk.hotspot.jre.full.win32.x86_64_17.0.1.v20211116-1657\jre\bin\fontmanager.dll
0x00007ffefb120000 - 0x00007ffefb1c9000 	C:\WINDOWS\System32\clbcatq.dll
0x00007ffef3670000 - 0x00007ffef3824000 	C:\WINDOWS\SYSTEM32\WindowsCodecs.dll
0x00007ffed25f0000 - 0x00007ffed262e000 	C:\WINDOWS\system32\dataexchange.dll
0x00007ffef5d60000 - 0x00007ffef5fc4000 	C:\WINDOWS\system32\d3d11.dll
0x00007ffef6b50000 - 0x00007ffef6d35000 	C:\WINDOWS\system32\dcomp.dll
0x00007ffef8e10000 - 0x00007ffef8f04000 	C:\WINDOWS\system32\dxgi.dll
0x00007ffef3a80000 - 0x00007ffef3c81000 	C:\WINDOWS\system32\twinapi.appcore.dll
0x00007ffedeb80000 - 0x00007ffedec79000 	C:\WINDOWS\SYSTEM32\textinputframework.dll
0x00007ffef70c0000 - 0x00007ffef741e000 	C:\WINDOWS\System32\CoreUIComponents.dll
0x00007ffef7420000 - 0x00007ffef7512000 	C:\WINDOWS\System32\CoreMessaging.dll
0x00007ffef92d0000 - 0x00007ffef9303000 	C:\WINDOWS\SYSTEM32\ntmarta.dll
0x00007ffef69f0000 - 0x00007ffef6b44000 	C:\WINDOWS\SYSTEM32\wintypes.dll
0x00007ffed5f00000 - 0x00007ffed5fac000 	C:\WINDOWS\SYSTEM32\TextShaping.dll

dbghelp: loaded successfully - version: 4.0.5 - missing functions: none
symbol engine: initialized successfully - sym options: 0x614 - pdb path: .;D:\Phd_Labwork\eclipse-jee-2021-12-R-win32-x86_64\eclipse\plugins\org.eclipse.justj.openjdk.hotspot.jre.full.win32.x86_64_17.0.1.v20211116-1657\jre\bin;C:\WINDOWS\SYSTEM32;C:\WINDOWS\WinSxS\amd64_microsoft.windows.common-controls_6595b64144ccf1df_6.0.19041.1110_none_60b5254171f9507e;D:\Phd_Labwork\eclipse-jee-2021-12-R-win32-x86_64\eclipse\plugins\org.eclipse.justj.openjdk.hotspot.jre.full.win32.x86_64_17.0.1.v20211116-1657\jre\bin\server;C:\WINDOWS\System32\DriverStore\FileRepository\u0347924.inf_amd64_04af308e61660124\B347730

VM Arguments:
jvm_args: -Dfile.encoding=Cp1252 -XX:+ShowCodeDetailsInExceptionMessages 
java_command: com.iot.gateway.IoTGatewayConfigWizard
java_class_path (initial): D:\Phd_Labwork\IoTGateway1\build\classes;D:\Phd_Labwork\ApacheTomcat_Server\apache-tomcat-7.0.109\lib\annotations-api.jar;D:\Phd_Labwork\ApacheTomcat_Server\apache-tomcat-7.0.109\lib\catalina-ant.jar;D:\Phd_Labwork\ApacheTomcat_Server\apache-tomcat-7.0.109\lib\catalina-ha.jar;D:\Phd_Labwork\ApacheTomcat_Server\apache-tomcat-7.0.109\lib\catalina-tribes.jar;D:\Phd_Labwork\ApacheTomcat_Server\apache-tomcat-7.0.109\lib\catalina.jar;D:\Phd_Labwork\ApacheTomcat_Server\apache-tomcat-7.0.109\lib\ecj-4.4.2.jar;D:\Phd_Labwork\ApacheTomcat_Server\apache-tomcat-7.0.109\lib\el-api.jar;D:\Phd_Labwork\ApacheTomcat_Server\apache-tomcat-7.0.109\lib\jasper-el.jar;D:\Phd_Labwork\ApacheTomcat_Server\apache-tomcat-7.0.109\lib\jasper.jar;D:\Phd_Labwork\ApacheTomcat_Server\apache-tomcat-7.0.109\lib\jsp-api.jar;D:\Phd_Labwork\ApacheTomcat_Server\apache-tomcat-7.0.109\lib\servlet-api.jar;D:\Phd_Labwork\ApacheTomcat_Server\apache-tomcat-7.0.109\lib\tomcat-api.jar;D:\Phd_Labwork\ApacheTomcat_Server\apache-tomcat-7.0.109\lib\tomcat-coyote.jar;D:\Phd_Labwork\ApacheTomcat_Server\apache-tomcat-7.0.109\lib\tomcat-dbcp.jar;D:\Phd_Labwork\ApacheTomcat_Server\apache-tomcat-7.0.109\lib\tomcat-i18n-de.jar;D:\Phd_Labwork\ApacheTomcat_Server\apache-tomcat-7.0.109\lib\tomcat-i18n-es.jar;D:\Phd_Labwork\ApacheTomcat_Server\apache-tomcat-7.0.109\lib\tomcat-i18n-fr.jar;D:\Phd_Labwork\ApacheTomcat_Server\apache-tomcat-7.0.109\lib\tomcat-i18n-ja.jar;D:\Phd_Labwork\ApacheTomcat_Server\apache-tomcat-7.0.109\lib\tomcat-i18n-ko.jar;D:\Phd_Labwork\ApacheTomcat_Server\apache-tomcat-7.0.109\lib\tomcat-i18n-ru.jar;D:\Phd_Labwork\ApacheTomcat_Server\apache-tomcat-7.0.109\lib\tomcat-i18n-zh-CN.jar;D:\Phd_Labwork\ApacheTomcat_Server\apache-tomcat-7.0.109\lib\tomcat-jdbc.jar;D:\Phd_Labwork\ApacheTomcat_Server\apache-tomcat-7.0.109\lib\tomcat-util.jar;D:\Phd_Labwork\ApacheTomcat_Server\apache-tomcat-7.0.109\lib\tomcat7-websocket.jar;D:\Phd_Labwork\ApacheTomcat_Server\apache-tomcat-7.0.109\lib\we
Launcher Type: SUN_STANDARD

[Global flags]
     intx CICompilerCount                          = 4                                         {product} {ergonomic}
     uint ConcGCThreads                            = 2                                         {product} {ergonomic}
     uint G1ConcRefinementThreads                  = 8                                         {product} {ergonomic}
   size_t G1HeapRegionSize                         = 1048576                                   {product} {ergonomic}
    uintx GCDrainStackTargetSize                   = 64                                        {product} {ergonomic}
   size_t InitialHeapSize                          = 117440512                                 {product} {ergonomic}
   size_t MarkStackSize                            = 4194304                                   {product} {ergonomic}
   size_t MaxHeapSize                              = 1862270976                                {product} {ergonomic}
   size_t MaxNewSize                               = 1116733440                                {product} {ergonomic}
   size_t MinHeapDeltaBytes                        = 1048576                                   {product} {ergonomic}
   size_t MinHeapSize                              = 8388608                                   {product} {ergonomic}
    uintx NonNMethodCodeHeapSize                   = 5839372                                {pd product} {ergonomic}
    uintx NonProfiledCodeHeapSize                  = 122909434                              {pd product} {ergonomic}
    uintx ProfiledCodeHeapSize                     = 122909434                              {pd product} {ergonomic}
    uintx ReservedCodeCacheSize                    = 251658240                              {pd product} {ergonomic}
     bool SegmentedCodeCache                       = true                                      {product} {ergonomic}
     bool ShowCodeDetailsInExceptionMessages       = true                                   {manageable} {command line}
   size_t SoftMaxHeapSize                          = 1862270976                             {manageable} {ergonomic}
     bool UseCompressedClassPointers               = true                           {product lp64_product} {ergonomic}
     bool UseCompressedOops                        = true                           {product lp64_product} {ergonomic}
     bool UseG1GC                                  = true                                      {product} {ergonomic}
     bool UseLargePagesIndividualAllocation        = false                                  {pd product} {ergonomic}

Logging:
Log output configuration:
 #0: stdout all=warning uptime,level,tags
 #1: stderr all=off uptime,level,tags

Environment Variables:
JAVA_HOME=C:\Program Files\Java\jdk-16.0.2_windows-x64_bin\jdk-16.0.2\bin
PATH=D:/Phd_Labwork/eclipse-jee-2021-12-R-win32-x86_64/eclipse//plugins/org.eclipse.justj.openjdk.hotspot.jre.full.win32.x86_64_17.0.1.v20211116-1657/jre/bin/server;D:/Phd_Labwork/eclipse-jee-2021-12-R-win32-x86_64/eclipse//plugins/org.eclipse.justj.openjdk.hotspot.jre.full.win32.x86_64_17.0.1.v20211116-1657/jre/bin;C:\WINDOWS\system32;C:\WINDOWS;C:\WINDOWS\System32\Wbem;C:\WINDOWS\System32\WindowsPowerShell\v1.0\;C:\WINDOWS\System32\OpenSSH\;C:\Program Files\Java\jdk-16.0.2_windows-x64_bin\jdk-16.0.2\bin;C:\Program Files\MySQL\MySQL Shell 8.0\bin\;C:\Users\harit\AppData\Local\Microsoft\WindowsApps;C:\Users\harit\AppData\Local\Programs\MiKTeX\miktex\bin\x64\;D:\Phd_Labwork\eclipse-jee-2021-12-R-win32-x86_64\eclipse;
USERNAME=harit
OS=Windows_NT
PROCESSOR_IDENTIFIER=AMD64 Family 23 Model 24 Stepping 1, AuthenticAMD



---------------  S Y S T E M  ---------------

OS:
 Windows 10 , 64 bit Build 19041 (10.0.19041.1348)
OS uptime: 6 days 20:31 hours

CPU: total 8 (initial active 8) (8 cores per cpu, 2 threads per core) family 23 model 24 stepping 1 microcode 0x0, cx8, cmov, fxsr, ht, mmx, 3dnowpref, sse, sse2, sse3, ssse3, sse4a, sse4.1, sse4.2, popcnt, lzcnt, tsc, tscinvbit, avx, avx2, aes, clmul, bmi1, bmi2, adx, sha, fma, vzeroupper, clflush, clflushopt

Memory: 4k page, system-wide physical 7103M (128M free)
TotalPageFile size 25389M (AvailPageFile size 0M)
current process WorkingSet (physical memory assigned to process): 28M, peak: 129M
current process commit charge ("private bytes"): 164M, peak: 246M

vm_info: OpenJDK 64-Bit Server VM (17.0.1+12) for windows-amd64 JRE (17.0.1+12), built on Oct 20 2021 07:42:55 by "" with MS VC++ 16.7 (VS2019)

END.
